<?xml version="1.0" encoding="utf-8"?><testsuites name="pytest tests"><testsuite name="pytest" errors="0" failures="0" skipped="0" tests="16" time="3.464" timestamp="2026-04-06T07:30:44.725891+00:00" hostname="agent-env-7cc857b1-bccb-4094-be05-21237c0824fe"><testcase classname="backend.tests.test_features_v10.TestHealthAndAuth" name="test_health_endpoint" time="0.120" /><testcase classname="backend.tests.test_features_v10.TestHealthAndAuth" name="test_admin_login" time="0.104" /><testcase classname="backend.tests.test_features_v10.TestHealthAndAuth" name="test_sales_login" time="0.099" /><testcase classname="backend.tests.test_features_v10.TestHealthAndAuth" name="test_customer_login" time="0.103" /><testcase classname="backend.tests.test_features_v10.TestAdminProductsV2" name="test_get_products_v2" time="0.201" /><testcase classname="backend.tests.test_features_v10.TestAdminProductsV2" name="test_create_product_v2" time="0.231" /><testcase classname="backend.tests.test_features_v10.TestAdminProductsV2" name="test_update_product_v2_endpoint_exists" time="0.324" /><testcase classname="backend.tests.test_features_v10.TestSalesPortalOrders" name="test_sales_orders_endpoint" time="0.201" /><testcase classname="backend.tests.test_features_v10.TestSalesPortalOrders" name="test_sales_orders_with_status_filter" time="0.203" /><testcase classname="backend.tests.test_features_v10.TestSalesPortalOrders" name="test_sales_orders_valid_statuses" time="0.507" /><testcase classname="backend.tests.test_features_v10.TestSalesPortalInvoices" name="test_sales_invoices_endpoint" time="0.197" /><testcase classname="backend.tests.test_features_v10.TestSalesPortalInvoices" name="test_sales_invoices_scoped_to_assigned_customers" time="0.315" /><testcase classname="backend.tests.test_features_v10.TestCustomerPortalOrders" name="test_customer_orders_endpoint" time="0.199" /><testcase classname="backend.tests.test_features_v10.TestCustomerPortalOrders" name="test_customer_orders_status_is_pending_not_order_placed" time="0.194" /><testcase classname="backend.tests.test_features_v10.TestOrderStatusValues" name="test_order_status_update_valid_values" time="0.197" /><testcase classname="backend.tests.test_features_v10.TestSalesDashboard" name="test_sales_dashboard_endpoint" time="0.202" /></testsuite></testsuites>