<?xml version="1.0" encoding="utf-8"?><testsuites name="pytest tests"><testsuite name="pytest" errors="0" failures="0" skipped="1" tests="16" time="4.012" timestamp="2026-04-02T07:57:05.499508+00:00" hostname="agent-env-7cc857b1-bccb-4094-be05-21237c0824fe"><testcase classname="backend.tests.test_order_invoice_flow.TestCustomerLogin" name="test_customer_login_success" time="0.162" /><testcase classname="backend.tests.test_order_invoice_flow.TestCustomerLogin" name="test_customer_dashboard_loads" time="0.211" /><testcase classname="backend.tests.test_order_invoice_flow.TestProductCatalog" name="test_products_v2_endpoint" time="0.203" /><testcase classname="backend.tests.test_order_invoice_flow.TestProductCatalog" name="test_product_has_cascading_options" time="0.206" /><testcase classname="backend.tests.test_order_invoice_flow.TestOrderCreation" name="test_order_creates_invoice" time="0.423" /><testcase classname="backend.tests.test_order_invoice_flow.TestOrderCreation" name="test_split_billing_mixed_order" time="0.295" /><testcase classname="backend.tests.test_order_invoice_flow.TestAdminPriceUpdate" name="test_admin_can_update_order_prices" time="0.316" /><testcase classname="backend.tests.test_order_invoice_flow.TestAdminPriceUpdate" name="test_cannot_update_confirmed_order_prices" time="0.190"><skipped type="pytest.skip" message="No confirmed orders to test">/app/backend/tests/test_order_invoice_flow.py:303: No confirmed orders to test</skipped></testcase><testcase classname="backend.tests.test_order_invoice_flow.TestPendingFirstSorting" name="test_orders_pending_first" time="0.210" /><testcase classname="backend.tests.test_order_invoice_flow.TestPendingFirstSorting" name="test_customers_pending_first" time="0.214" /><testcase classname="backend.tests.test_order_invoice_flow.TestAdminDashboard" name="test_dashboard_v2_endpoint" time="0.241" /><testcase classname="backend.tests.test_order_invoice_flow.TestProductAnalytics" name="test_product_analytics_endpoint" time="0.199" /><testcase classname="backend.tests.test_order_invoice_flow.TestProductAnalytics" name="test_analytics_with_filters" time="0.196" /><testcase classname="backend.tests.test_order_invoice_flow.TestTransportDetails" name="test_order_includes_transport_details" time="0.426" /><testcase classname="backend.tests.test_order_invoice_flow.TestSixPricingTiers" name="test_products_have_six_tiers" time="0.210" /><testcase classname="backend.tests.test_order_invoice_flow.TestSixPricingTiers" name="test_customer_tier_assignment" time="0.189" /></testsuite></testsuites>