<?xml version="1.0" encoding="utf-8"?><testsuites name="pytest tests"><testsuite name="pytest" errors="0" failures="0" skipped="0" tests="18" time="6.852" timestamp="2026-04-02T09:45:19.815662+00:00" hostname="agent-env-7cc857b1-bccb-4094-be05-21237c0824fe"><testcase classname="backend.tests.test_v2_new_features.TestAdminAuth" name="test_admin_login" time="0.261" /><testcase classname="backend.tests.test_v2_new_features.TestOrdersV2" name="test_get_orders_v2_with_status_filter" time="0.526" /><testcase classname="backend.tests.test_v2_new_features.TestOrdersV2" name="test_pending_orders_first" time="0.205" /><testcase classname="backend.tests.test_v2_new_features.TestOrdersV2" name="test_create_order_for_edit_test" time="0.448" /><testcase classname="backend.tests.test_v2_new_features.TestOrdersV2" name="test_admin_edit_order_prices" time="0.714" /><testcase classname="backend.tests.test_v2_new_features.TestOrdersV2" name="test_admin_approve_order" time="0.711" /><testcase classname="backend.tests.test_v2_new_features.TestOrdersV2" name="test_admin_cancel_order" time="0.726" /><testcase classname="backend.tests.test_v2_new_features.TestProductsV2" name="test_download_excel_template" time="0.460" /><testcase classname="backend.tests.test_v2_new_features.TestProductsV2" name="test_export_products" time="0.206" /><testcase classname="backend.tests.test_v2_new_features.TestProductsV2" name="test_create_product_with_variants" time="0.220" /><testcase classname="backend.tests.test_v2_new_features.TestProductsV2" name="test_get_products_v2" time="0.212" /><testcase classname="backend.tests.test_v2_new_features.TestProductsV2" name="test_get_products_by_group" time="0.306" /><testcase classname="backend.tests.test_v2_new_features.TestTransportValidation" name="test_order_with_transport_details" time="0.574" /><testcase classname="backend.tests.test_v2_new_features.TestQuantityDropdown" name="test_order_with_various_quantities" time="0.485" /><testcase classname="backend.tests.test_v2_new_features.TestSalesPortal" name="test_sales_login" time="0.098" /><testcase classname="backend.tests.test_v2_new_features.TestSalesPortal" name="test_sales_get_customers" time="0.210" /><testcase classname="backend.tests.test_v2_new_features.TestSalesPortal" name="test_sales_get_products" time="0.202" /><testcase classname="backend.tests.test_v2_new_features.TestCleanup" name="test_cleanup_test_products" time="0.194" /></testsuite></testsuites>