<?xml version="1.0" encoding="utf-8"?><testsuites name="pytest tests"><testsuite name="pytest" errors="0" failures="2" skipped="0" tests="41" time="15.242" timestamp="2026-03-17T17:56:01.365278+00:00" hostname="agent-env-7cc857b1-bccb-4094-be05-21237c0824fe"><testcase classname="tests.test_natural_plylam.TestHealthCheck" name="test_api_health" time="0.343" /><testcase classname="tests.test_natural_plylam.TestAdminAuthentication" name="test_admin_login_success" time="0.200" /><testcase classname="tests.test_natural_plylam.TestAdminAuthentication" name="test_admin_login_invalid_credentials" time="0.208" /><testcase classname="tests.test_natural_plylam.TestAdminAuthentication" name="test_get_admin_profile" time="0.304" /><testcase classname="tests.test_natural_plylam.TestAdminDashboard" name="test_dashboard_stats" time="0.314" /><testcase classname="tests.test_natural_plylam.TestAdminCustomers" name="test_list_customers" time="0.354" /><testcase classname="tests.test_natural_plylam.TestAdminCustomers" name="test_list_customers_paginated" time="0.401" /><testcase classname="tests.test_natural_plylam.TestAdminCustomers" name="test_create_customer" time="0.324" /><testcase classname="tests.test_natural_plylam.TestAdminCustomers" name="test_get_customer_detail" time="0.429" /><testcase classname="tests.test_natural_plylam.TestAdminCustomers" name="test_update_customer" time="0.344"><failure message="assert 400 == 200&#10; +  where 400 = &lt;Response [400]&gt;.status_code">tests/test_natural_plylam.py:165: in test_update_customer
    customer_id = self.test_create_customer()
                  ^^^^^^^^^^^^^^^^^^^^^^^^^^^
tests/test_natural_plylam.py:146: in test_create_customer
    assert response.status_code == 200
E   assert 400 == 200
E    +  where 400 = &lt;Response [400]&gt;.status_code</failure></testcase><testcase classname="tests.test_natural_plylam.TestAdminCustomers" name="test_approve_customer" time="0.413" /><testcase classname="tests.test_natural_plylam.TestAdminCustomers" name="test_delete_customer" time="0.493" /><testcase classname="tests.test_natural_plylam.TestAdminProducts" name="test_list_products" time="0.287" /><testcase classname="tests.test_natural_plylam.TestAdminProducts" name="test_product_with_tier_pricing" time="0.321" /><testcase classname="tests.test_natural_plylam.TestAdminProducts" name="test_create_product_with_custom_tier_pricing" time="0.277" /><testcase classname="tests.test_natural_plylam.TestAdminProducts" name="test_update_product_tier_pricing" time="0.303"><failure message="assert 400 == 200&#10; +  where 400 = &lt;Response [400]&gt;.status_code">tests/test_natural_plylam.py:287: in test_update_product_tier_pricing
    product_id = self.test_create_product_with_custom_tier_pricing()
                 ^^^^^^^^^^^^^^^^^^^^^^^^^^^^^^^^^^^^^^^^^^^^^^^^^^^
tests/test_natural_plylam.py:276: in test_create_product_with_custom_tier_pricing
    assert response.status_code == 200
E   assert 400 == 200
E    +  where 400 = &lt;Response [400]&gt;.status_code</failure></testcase><testcase classname="tests.test_natural_plylam.TestAdminProducts" name="test_delete_product" time="0.403" /><testcase classname="tests.test_natural_plylam.TestAdminOrders" name="test_list_orders" time="0.244" /><testcase classname="tests.test_natural_plylam.TestAdminOrders" name="test_list_orders_paginated" time="0.245" /><testcase classname="tests.test_natural_plylam.TestAdminOrders" name="test_update_order_status" time="0.516" /><testcase classname="tests.test_natural_plylam.TestAdminInvoices" name="test_list_invoices" time="0.294" /><testcase classname="tests.test_natural_plylam.TestAdminInvoices" name="test_list_invoices_paginated" time="0.254" /><testcase classname="tests.test_natural_plylam.TestAdminInvoices" name="test_mark_invoice_paid" time="0.456" /><testcase classname="tests.test_natural_plylam.TestCustomerAuthentication" name="test_customer_login_success" time="0.112" /><testcase classname="tests.test_natural_plylam.TestCustomerAuthentication" name="test_customer_login_invalid_credentials" time="0.114" /><testcase classname="tests.test_natural_plylam.TestCustomerAuthentication" name="test_get_customer_profile" time="0.237" /><testcase classname="tests.test_natural_plylam.TestCustomerDashboard" name="test_get_customer_orders" time="0.298" /><testcase classname="tests.test_natural_plylam.TestCustomerDashboard" name="test_get_customer_invoices" time="0.270" /><testcase classname="tests.test_natural_plylam.TestCustomerProducts" name="test_list_products_for_customer" time="0.308" /><testcase classname="tests.test_natural_plylam.TestCustomerProducts" name="test_products_show_tier_pricing" time="0.271" /><testcase classname="tests.test_natural_plylam.TestCustomerCart" name="test_get_empty_cart" time="0.379" /><testcase classname="tests.test_natural_plylam.TestCustomerCart" name="test_add_to_cart" time="0.499" /><testcase classname="tests.test_natural_plylam.TestCustomerCart" name="test_cart_shows_items" time="0.601" /><testcase classname="tests.test_natural_plylam.TestCustomerCart" name="test_remove_from_cart" time="0.727" /><testcase classname="tests.test_natural_plylam.TestCustomerCart" name="test_clear_cart" time="0.774" /><testcase classname="tests.test_natural_plylam.TestCustomerCheckout" name="test_checkout_creates_order" time="0.838" /><testcase classname="tests.test_natural_plylam.TestCustomerCheckout" name="test_checkout_empty_cart_fails" time="0.473" /><testcase classname="tests.test_natural_plylam.TestCustomerOrders" name="test_customer_orders_list" time="0.240" /><testcase classname="tests.test_natural_plylam.TestCustomerOrders" name="test_customer_order_detail" time="0.470" /><testcase classname="tests.test_natural_plylam.TestCustomerProfile" name="test_get_profile" time="0.278" /><testcase classname="tests.test_natural_plylam.TestCustomerProfile" name="test_update_profile" time="0.298" /></testsuite></testsuites>