<?xml version="1.0" encoding="utf-8"?><testsuites name="pytest tests"><testsuite name="pytest" errors="0" failures="0" skipped="0" tests="16" time="2.172" timestamp="2026-04-06T09:04:49.349354+00:00" hostname="agent-env-7cc857b1-bccb-4094-be05-21237c0824fe"><testcase classname="backend.tests.test_sales_portal_v11.TestSalesLogin" name="test_sales_login_success" time="0.248" /><testcase classname="backend.tests.test_sales_portal_v11.TestSalesLogin" name="test_sales_login_wrong_password" time="0.100" /><testcase classname="backend.tests.test_sales_portal_v11.TestSalesDashboard" name="test_dashboard_returns_correct_stats" time="0.277" /><testcase classname="backend.tests.test_sales_portal_v11.TestSalesDashboard" name="test_dashboard_requires_auth" time="0.107" /><testcase classname="backend.tests.test_sales_portal_v11.TestSalesCustomers" name="test_get_customers_returns_assigned_only" time="0.105" /><testcase classname="backend.tests.test_sales_portal_v11.TestSalesCustomers" name="test_customers_search_filter" time="0.099" /><testcase classname="backend.tests.test_sales_portal_v11.TestSalesCustomers" name="test_customers_status_filter" time="0.101" /><testcase classname="backend.tests.test_sales_portal_v11.TestSalesOrders" name="test_get_orders" time="0.113" /><testcase classname="backend.tests.test_sales_portal_v11.TestSalesOrders" name="test_orders_status_filter_pending" time="0.104" /><testcase classname="backend.tests.test_sales_portal_v11.TestSalesOrders" name="test_orders_status_filter_approved" time="0.097" /><testcase classname="backend.tests.test_sales_portal_v11.TestSalesOrders" name="test_orders_status_filter_dispatched" time="0.105" /><testcase classname="backend.tests.test_sales_portal_v11.TestSalesOrders" name="test_orders_status_filter_cancelled" time="0.101" /><testcase classname="backend.tests.test_sales_portal_v11.TestSalesInvoices" name="test_get_invoices" time="0.101" /><testcase classname="backend.tests.test_sales_portal_v11.TestSalesInvoices" name="test_invoices_status_filter" time="0.104" /><testcase classname="backend.tests.test_sales_portal_v11.TestSalesInvoices" name="test_invoice_detail_requires_auth" time="0.131" /><testcase classname="backend.tests.test_sales_portal_v11.TestSalesFastOrder" name="test_get_products_for_order" time="0.094" /></testsuite></testsuites>