<?xml version="1.0" encoding="utf-8"?><testsuites name="pytest tests"><testsuite name="pytest" errors="0" failures="0" skipped="0" tests="21" time="5.276" timestamp="2026-04-02T08:57:05.377033+00:00" hostname="agent-env-7cc857b1-bccb-4094-be05-21237c0824fe"><testcase classname="tests.test_v2_features.TestAdminAuth" name="test_admin_login" time="0.196" /><testcase classname="tests.test_v2_features.TestOrdersV2" name="test_get_orders_v2_list" time="0.197" /><testcase classname="tests.test_v2_features.TestOrdersV2" name="test_get_orders_v2_filter_by_type_plywood" time="0.219" /><testcase classname="tests.test_v2_features.TestOrdersV2" name="test_get_orders_v2_filter_by_type_timber" time="0.190" /><testcase classname="tests.test_v2_features.TestOrdersV2" name="test_get_orders_v2_filter_by_status" time="0.491" /><testcase classname="tests.test_v2_features.TestOrdersV2" name="test_get_orders_v2_pending_first" time="0.249" /><testcase classname="tests.test_v2_features.TestOrdersV2" name="test_order_confirm_creates_invoice" time="0.287" /><testcase classname="tests.test_v2_features.TestOrdersV2" name="test_order_cancel" time="0.287" /><testcase classname="tests.test_v2_features.TestCustomersPage" name="test_get_customers_list" time="0.205" /><testcase classname="tests.test_v2_features.TestCustomersPage" name="test_customers_have_pricing_tier" time="0.192" /><testcase classname="tests.test_v2_features.TestCustomersPage" name="test_create_customer_with_tier" time="0.281" /><testcase classname="tests.test_v2_features.TestInvoicesV2" name="test_get_invoices_v2_list" time="0.209" /><testcase classname="tests.test_v2_features.TestInvoicesV2" name="test_invoices_filter_by_type_plywood" time="0.188" /><testcase classname="tests.test_v2_features.TestInvoicesV2" name="test_invoices_filter_by_type_timber" time="0.203" /><testcase classname="tests.test_v2_features.TestInvoicesV2" name="test_invoice_detail_shows_items" time="0.309" /><testcase classname="tests.test_v2_features.TestSalesPortal" name="test_sales_login" time="0.100" /><testcase classname="tests.test_v2_features.TestSalesPortal" name="test_sales_get_customers" time="0.190" /><testcase classname="tests.test_v2_features.TestSalesPortal" name="test_sales_create_customer_with_6_tiers" time="0.413" /><testcase classname="tests.test_v2_features.TestSalesPortal" name="test_sales_dashboard" time="0.187" /><testcase classname="tests.test_v2_features.TestProductsV2" name="test_products_have_6_tiers" time="0.217" /><testcase classname="tests.test_v2_features.TestDirectOrderFlow" name="test_create_direct_order" time="0.406" /></testsuite></testsuites>